<?xml version="1.0" encoding="UTF-8"?>
<testng-results skipped="0" failed="0" ignored="0" total="1" passed="1">
  <reporter-output>
  </reporter-output>
  <suite name="Amazon Automation Script " duration-ms="13830" started-at="2019-03-13T22:45:02Z" finished-at="2019-03-13T22:45:16Z">
    <groups>
    </groups>
    <test name="Amazone Home" duration-ms="13830" started-at="2019-03-13T22:45:02Z" finished-at="2019-03-13T22:45:16Z">
      <class name="title.AmazoneHome">
        <test-method status="PASS" signature="setUp(java.lang.String)[pri:0, instance:title.AmazoneHome@5d624da6]" name="setUp" is-config="true" duration-ms="11552" started-at="2019-03-13T22:45:03Z" finished-at="2019-03-13T22:45:14Z">
          <params>
            <param index="0">
              <value>
                <![CDATA[https://amazon.com]]>
              </value>
            </param>
          </params>
          <reporter-output>
          </reporter-output>
        </test-method> <!-- setUp -->
        <test-method status="PASS" signature="test()[pri:0, instance:title.AmazoneHome@5d624da6]" name="test" duration-ms="165" started-at="2019-03-13T22:45:14Z" finished-at="2019-03-13T22:45:14Z">
          <reporter-output>
          </reporter-output>
        </test-method> <!-- test -->
        <test-method status="PASS" signature="closeUp()[pri:0, instance:title.AmazoneHome@5d624da6]" name="closeUp" is-config="true" duration-ms="2087" started-at="2019-03-13T22:45:14Z" finished-at="2019-03-13T22:45:16Z">
          <reporter-output>
          </reporter-output>
        </test-method> <!-- closeUp -->
      </class> <!-- title.AmazoneHome -->
    </test> <!-- Amazone Home -->
  </suite> <!-- Amazon Automation Script  -->
</testng-results>
